# JRE version: OpenJDK Runtime Environment Temurin-21.0.9+10 (21.0.9+10) (build 21.0.9+10-LTS)
# Java VM: OpenJDK 64-Bit Server VM Temurin-21.0.9+10 (21.0.9+10-LTS, mixed mode, sharing, tiered, compressed oops, compressed class ptrs, parallel gc, windows-amd64)
GC Precious Log:
 CardTable entry size: 512
 CPUs: 8 total, 8 available
 Memory: 3818M
 Large Page Support: Disabled
 NUMA Support: Disabled
 Compressed Oops: Enabled (32-bit)
 Alignments: Space 512K, Generation 512K, Heap 2M
 Heap Min Capacity: 100M
 Heap Initial Capacity: 100M
 Heap Max Capacity: 2G
 Pre-touch: Disabled
 Parallel Workers: 8
Heap:
 PSYoungGen      total 12288K, used 955K [0x00000000d5580000, 0x00000000d6980000, 0x0000000100000000)
  eden space 11776K, 3% used [0x00000000d5580000,0x00000000d55f0388,0x00000000d6100000)
  from space 512K, 98% used [0x00000000d6900000,0x00000000d697e900,0x00000000d6980000)
  to   space 1024K, 0% used [0x00000000d6780000,0x00000000d6780000,0x00000000d6880000)
 ParOldGen       total 157184K, used 156928K [0x0000000080000000, 0x0000000089980000, 0x00000000d5580000)
  object space 157184K, 99% used [0x0000000080000000,0x0000000089940350,0x0000000089980000)
 Metaspace       used 66056K, committed 67520K, reserved 1114112K
  class space    used 7102K, committed 7680K, reserved 1048576K
GC Heap History (20 events):
Event: 174.324 GC heap before
{Heap before GC invocations=70 (full 3):
 PSYoungGen      total 19968K, used 19840K [0x00000000d5580000, 0x00000000d7200000, 0x0000000100000000)
  eden space 11776K, 100% used [0x00000000d5580000,0x00000000d6100000,0x00000000d6100000)
  from space 8192K, 98% used [0x00000000d6a00000,0x00000000d71e0000,0x00000000d7200000)
  to   space 8704K, 0% used [0x00000000d6100000,0x00000000d6100000,0x00000000d6980000)
 ParOldGen       total 120832K, used 120572K [0x0000000080000000, 0x0000000087600000, 0x00000000d5580000)
  object space 120832K, 99% used [0x0000000080000000,0x00000000875bf2f8,0x0000000087600000)
 Metaspace       used 63688K, committed 65024K, reserved 1114112K
  class space    used 6885K, committed 7424K, reserved 1048576K
}
Event: 174.361 GC heap after
{Heap after GC invocations=70 (full 3):
 PSYoungGen      total 20480K, used 8704K [0x00000000d5580000, 0x00000000d8600000, 0x0000000100000000)
  eden space 11776K, 0% used [0x00000000d5580000,0x00000000d5580000,0x00000000d6100000)
  from space 8704K, 100% used [0x00000000d6100000,0x00000000d6980000,0x00000000d6980000)
  to   space 18944K, 0% used [0x00000000d7380000,0x00000000d7380000,0x00000000d8600000)
 ParOldGen       total 129024K, used 128820K [0x0000000080000000, 0x0000000087e00000, 0x00000000d5580000)
  object space 129024K, 99% used [0x0000000080000000,0x0000000087dcd2f8,0x0000000087e00000)
 Metaspace       used 63688K, committed 65024K, reserved 1114112K
  class space    used 6885K, committed 7424K, reserved 1048576K
}
Event: 174.601 GC heap before
{Heap before GC invocations=71 (full 3):
 PSYoungGen      total 20480K, used 20480K [0x00000000d5580000, 0x00000000d8600000, 0x0000000100000000)
  eden space 11776K, 100% used [0x00000000d5580000,0x00000000d6100000,0x00000000d6100000)
  from space 8704K, 100% used [0x00000000d6100000,0x00000000d6980000,0x00000000d6980000)
  to   space 18944K, 0% used [0x00000000d7380000,0x00000000d7380000,0x00000000d8600000)
 ParOldGen       total 129024K, used 128820K [0x0000000080000000, 0x0000000087e00000, 0x00000000d5580000)
  object space 129024K, 99% used [0x0000000080000000,0x0000000087dcd2f8,0x0000000087e00000)
 Metaspace       used 63732K, committed 65088K, reserved 1114112K
  class space    used 6889K, committed 7488K, reserved 1048576K
}
Event: 174.679 GC heap after
{Heap after GC invocations=71 (full 3):
 PSYoungGen      total 20480K, used 8672K [0x00000000d5580000, 0x00000000d7c00000, 0x0000000100000000)
  eden space 11776K, 0% used [0x00000000d5580000,0x00000000d5580000,0x00000000d6100000)
  from space 8704K, 99% used [0x00000000d7380000,0x00000000d7bf8000,0x00000000d7c00000)
  to   space 11776K, 0% used [0x00000000d6500000,0x00000000d6500000,0x00000000d7080000)
 ParOldGen       total 137728K, used 137484K [0x0000000080000000, 0x0000000088680000, 0x00000000d5580000)
  object space 137728K, 99% used [0x0000000080000000,0x00000000886432f8,0x0000000088680000)
 Metaspace       used 63732K, committed 65088K, reserved 1114112K
  class space    used 6889K, committed 7488K, reserved 1048576K
}
Event: 175.247 GC heap before
{Heap before GC invocations=72 (full 3):
 PSYoungGen      total 20480K, used 20448K [0x00000000d5580000, 0x00000000d7c00000, 0x0000000100000000)
  eden space 11776K, 100% used [0x00000000d5580000,0x00000000d6100000,0x00000000d6100000)
  from space 8704K, 99% used [0x00000000d7380000,0x00000000d7bf8000,0x00000000d7c00000)
  to   space 11776K, 0% used [0x00000000d6500000,0x00000000d6500000,0x00000000d7080000)
 ParOldGen       total 137728K, used 137484K [0x0000000080000000, 0x0000000088680000, 0x00000000d5580000)
  object space 137728K, 99% used [0x0000000080000000,0x00000000886432f8,0x0000000088680000)
 Metaspace       used 63821K, committed 65280K, reserved 1114112K
  class space    used 6902K, committed 7488K, reserved 1048576K
}
Event: 175.302 GC heap after
{Heap after GC invocations=72 (full 3):
 PSYoungGen      total 18944K, used 7136K [0x00000000d5580000, 0x00000000d7400000, 0x0000000100000000)
  eden space 11776K, 0% used [0x00000000d5580000,0x00000000d5580000,0x00000000d6100000)
  from space 7168K, 99% used [0x00000000d6500000,0x00000000d6bf8000,0x00000000d6c00000)
  to   space 8192K, 0% used [0x00000000d6c00000,0x00000000d6c00000,0x00000000d7400000)
 ParOldGen       total 146432K, used 146076K [0x0000000080000000, 0x0000000088f00000, 0x00000000d5580000)
  object space 146432K, 99% used [0x0000000080000000,0x0000000088ea72f8,0x0000000088f00000)
 Metaspace       used 63821K, committed 65280K, reserved 1114112K
  class space    used 6902K, committed 7488K, reserved 1048576K
}
Event: 184.295 GC heap before
{Heap before GC invocations=73 (full 3):
 PSYoungGen      total 18944K, used 18909K [0x00000000d5580000, 0x00000000d7400000, 0x0000000100000000)
  eden space 11776K, 99% used [0x00000000d5580000,0x00000000d60ff570,0x00000000d6100000)
  from space 7168K, 99% used [0x00000000d6500000,0x00000000d6bf8000,0x00000000d6c00000)
  to   space 8192K, 0% used [0x00000000d6c00000,0x00000000d6c00000,0x00000000d7400000)
 ParOldGen       total 146432K, used 146076K [0x0000000080000000, 0x0000000088f00000, 0x00000000d5580000)
  object space 146432K, 99% used [0x0000000080000000,0x0000000088ea72f8,0x0000000088f00000)
 Metaspace       used 63989K, committed 65408K, reserved 1114112K
  class space    used 6927K, committed 7488K, reserved 1048576K
}
Event: 184.343 GC heap after
{Heap after GC invocations=73 (full 3):
 PSYoungGen      total 12800K, used 960K [0x00000000d5580000, 0x00000000d6d00000, 0x0000000100000000)
  eden space 11776K, 0% used [0x00000000d5580000,0x00000000d5580000,0x00000000d6100000)
  from space 1024K, 93% used [0x00000000d6c00000,0x00000000d6cf0000,0x00000000d6d00000)
  to   space 3584K, 0% used [0x00000000d6600000,0x00000000d6600000,0x00000000d6980000)
 ParOldGen       total 153600K, used 153179K [0x0000000080000000, 0x0000000089600000, 0x00000000d5580000)
  object space 153600K, 99% used [0x0000000080000000,0x0000000089596ff8,0x0000000089600000)
 Metaspace       used 63989K, committed 65408K, reserved 1114112K
  class space    used 6927K, committed 7488K, reserved 1048576K
}
Event: 187.590 GC heap before
{Heap before GC invocations=74 (full 3):
 PSYoungGen      total 12800K, used 12736K [0x00000000d5580000, 0x00000000d6d00000, 0x0000000100000000)
  eden space 11776K, 100% used [0x00000000d5580000,0x00000000d6100000,0x00000000d6100000)
  from space 1024K, 93% used [0x00000000d6c00000,0x00000000d6cf0000,0x00000000d6d00000)
  to   space 3584K, 0% used [0x00000000d6600000,0x00000000d6600000,0x00000000d6980000)
 ParOldGen       total 153600K, used 153179K [0x0000000080000000, 0x0000000089600000, 0x00000000d5580000)
  object space 153600K, 99% used [0x0000000080000000,0x0000000089596ff8,0x0000000089600000)
 Metaspace       used 64050K, committed 65472K, reserved 1114112K
  class space    used 6927K, committed 7488K, reserved 1048576K
}
Event: 187.602 GC heap after
{Heap after GC invocations=74 (full 3):
 PSYoungGen      total 15360K, used 704K [0x00000000d5580000, 0x00000000d6c80000, 0x0000000100000000)
  eden space 11776K, 0% used [0x00000000d5580000,0x00000000d5580000,0x00000000d6100000)
  from space 3584K, 19% used [0x00000000d6600000,0x00000000d66b0000,0x00000000d6980000)
  to   space 1536K, 0% used [0x00000000d6b00000,0x00000000d6b00000,0x00000000d6c80000)
 ParOldGen       total 154112K, used 153737K [0x0000000080000000, 0x0000000089680000, 0x00000000d5580000)
  object space 154112K, 99% used [0x0000000080000000,0x00000000896225d0,0x0000000089680000)
 Metaspace       used 64050K, committed 65472K, reserved 1114112K
  class space    used 6927K, committed 7488K, reserved 1048576K
}
Event: 191.501 GC heap before
{Heap before GC invocations=75 (full 3):
 PSYoungGen      total 15360K, used 12480K [0x00000000d5580000, 0x00000000d6c80000, 0x0000000100000000)
  eden space 11776K, 100% used [0x00000000d5580000,0x00000000d6100000,0x00000000d6100000)
  from space 3584K, 19% used [0x00000000d6600000,0x00000000d66b0000,0x00000000d6980000)
  to   space 1536K, 0% used [0x00000000d6b00000,0x00000000d6b00000,0x00000000d6c80000)
 ParOldGen       total 154112K, used 153737K [0x0000000080000000, 0x0000000089680000, 0x00000000d5580000)
  object space 154112K, 99% used [0x0000000080000000,0x00000000896225d0,0x0000000089680000)
 Metaspace       used 64212K, committed 65600K, reserved 1114112K
  class space    used 6930K, committed 7488K, reserved 1048576K
}
Event: 191.527 GC heap after
{Heap after GC invocations=75 (full 3):
 PSYoungGen      total 13312K, used 1393K [0x00000000d5580000, 0x00000000d6c80000, 0x0000000100000000)
  eden space 11776K, 0% used [0x00000000d5580000,0x00000000d5580000,0x00000000d6100000)
  from space 1536K, 90% used [0x00000000d6b00000,0x00000000d6c5c590,0x00000000d6c80000)
  to   space 2048K, 0% used [0x00000000d6880000,0x00000000d6880000,0x00000000d6a80000)
 ParOldGen       total 154624K, used 154145K [0x0000000080000000, 0x0000000089700000, 0x00000000d5580000)
  object space 154624K, 99% used [0x0000000080000000,0x00000000896885d0,0x0000000089700000)
 Metaspace       used 64212K, committed 65600K, reserved 1114112K
  class space    used 6930K, committed 7488K, reserved 1048576K
}
Event: 193.706 GC heap before
{Heap before GC invocations=76 (full 3):
 PSYoungGen      total 13312K, used 13169K [0x00000000d5580000, 0x00000000d6c80000, 0x0000000100000000)
  eden space 11776K, 100% used [0x00000000d5580000,0x00000000d6100000,0x00000000d6100000)
  from space 1536K, 90% used [0x00000000d6b00000,0x00000000d6c5c590,0x00000000d6c80000)
  to   space 2048K, 0% used [0x00000000d6880000,0x00000000d6880000,0x00000000d6a80000)
 ParOldGen       total 154624K, used 154145K [0x0000000080000000, 0x0000000089700000, 0x00000000d5580000)
  object space 154624K, 99% used [0x0000000080000000,0x00000000896885d0,0x0000000089700000)
 Metaspace       used 64597K, committed 65984K, reserved 1114112K
  class space    used 6960K, committed 7552K, reserved 1048576K
}
Event: 193.721 GC heap after
{Heap after GC invocations=76 (full 3):
 PSYoungGen      total 12800K, used 848K [0x00000000d5580000, 0x00000000d6b80000, 0x0000000100000000)
  eden space 11776K, 0% used [0x00000000d5580000,0x00000000d5580000,0x00000000d6100000)
  from space 1024K, 82% used [0x00000000d6880000,0x00000000d6954010,0x00000000d6980000)
  to   space 1536K, 0% used [0x00000000d6a00000,0x00000000d6a00000,0x00000000d6b80000)
 ParOldGen       total 155136K, used 154749K [0x0000000080000000, 0x0000000089780000, 0x00000000d5580000)
  object space 155136K, 99% used [0x0000000080000000,0x000000008971f638,0x0000000089780000)
 Metaspace       used 64597K, committed 65984K, reserved 1114112K
  class space    used 6960K, committed 7552K, reserved 1048576K
}
Event: 202.083 GC heap before
{Heap before GC invocations=77 (full 3):
 PSYoungGen      total 12800K, used 12624K [0x00000000d5580000, 0x00000000d6b80000, 0x0000000100000000)
  eden space 11776K, 100% used [0x00000000d5580000,0x00000000d6100000,0x00000000d6100000)
  from space 1024K, 82% used [0x00000000d6880000,0x00000000d6954010,0x00000000d6980000)
  to   space 1536K, 0% used [0x00000000d6a00000,0x00000000d6a00000,0x00000000d6b80000)
 ParOldGen       total 155136K, used 154749K [0x0000000080000000, 0x0000000089780000, 0x00000000d5580000)
  object space 155136K, 99% used [0x0000000080000000,0x000000008971f638,0x0000000089780000)
 Metaspace       used 65289K, committed 66688K, reserved 1114112K
  class space    used 7036K, committed 7616K, reserved 1048576K
}
Event: 202.129 GC heap after
{Heap after GC invocations=77 (full 3):
 PSYoungGen      total 13312K, used 1532K [0x00000000d5580000, 0x00000000d6b80000, 0x0000000100000000)
  eden space 11776K, 0% used [0x00000000d5580000,0x00000000d5580000,0x00000000d6100000)
  from space 1536K, 99% used [0x00000000d6a00000,0x00000000d6b7f3e0,0x00000000d6b80000)
  to   space 2560K, 0% used [0x00000000d6680000,0x00000000d6680000,0x00000000d6900000)
 ParOldGen       total 155648K, used 155265K [0x0000000080000000, 0x0000000089800000, 0x00000000d5580000)
  object space 155648K, 99% used [0x0000000080000000,0x00000000897a0658,0x0000000089800000)
 Metaspace       used 65289K, committed 66688K, reserved 1114112K
  class space    used 7036K, committed 7616K, reserved 1048576K
}
Event: 207.701 GC heap before
{Heap before GC invocations=78 (full 3):
 PSYoungGen      total 13312K, used 13308K [0x00000000d5580000, 0x00000000d6b80000, 0x0000000100000000)
  eden space 11776K, 100% used [0x00000000d5580000,0x00000000d6100000,0x00000000d6100000)
  from space 1536K, 99% used [0x00000000d6a00000,0x00000000d6b7f3e0,0x00000000d6b80000)
  to   space 2560K, 0% used [0x00000000d6680000,0x00000000d6680000,0x00000000d6900000)
 ParOldGen       total 155648K, used 155265K [0x0000000080000000, 0x0000000089800000, 0x00000000d5580000)
  object space 155648K, 99% used [0x0000000080000000,0x00000000897a0658,0x0000000089800000)
 Metaspace       used 65766K, committed 67200K, reserved 1114112K
  class space    used 7080K, committed 7680K, reserved 1048576K
}
Event: 207.724 GC heap after
{Heap after GC invocations=78 (full 3):
 PSYoungGen      total 14336K, used 512K [0x00000000d5580000, 0x00000000d6a80000, 0x0000000100000000)
  eden space 11776K, 0% used [0x00000000d5580000,0x00000000d5580000,0x00000000d6100000)
  from space 2560K, 20% used [0x00000000d6680000,0x00000000d6700020,0x00000000d6900000)
  to   space 1536K, 0% used [0x00000000d6900000,0x00000000d6900000,0x00000000d6a80000)
 ParOldGen       total 156672K, used 156516K [0x0000000080000000, 0x0000000089900000, 0x00000000d5580000)
  object space 156672K, 99% used [0x0000000080000000,0x00000000898d90c0,0x0000000089900000)
 Metaspace       used 65766K, committed 67200K, reserved 1114112K
  class space    used 7080K, committed 7680K, reserved 1048576K
}
Event: 436.225 GC heap before
{Heap before GC invocations=79 (full 3):
 PSYoungGen      total 14336K, used 12288K [0x00000000d5580000, 0x00000000d6a80000, 0x0000000100000000)
  eden space 11776K, 100% used [0x00000000d5580000,0x00000000d6100000,0x00000000d6100000)
  from space 2560K, 20% used [0x00000000d6680000,0x00000000d6700020,0x00000000d6900000)
  to   space 1536K, 0% used [0x00000000d6900000,0x00000000d6900000,0x00000000d6a80000)
 ParOldGen       total 156672K, used 156516K [0x0000000080000000, 0x0000000089900000, 0x00000000d5580000)
  object space 156672K, 99% used [0x0000000080000000,0x00000000898d90c0,0x0000000089900000)
 Metaspace       used 66046K, committed 67520K, reserved 1114112K
  class space    used 7102K, committed 7680K, reserved 1048576K
}
Event: 436.618 GC heap after
{Heap after GC invocations=79 (full 3):
 PSYoungGen      total 12288K, used 506K [0x00000000d5580000, 0x00000000d6980000, 0x0000000100000000)
  eden space 11776K, 0% used [0x00000000d5580000,0x00000000d5580000,0x00000000d6100000)
  from space 512K, 98% used [0x00000000d6900000,0x00000000d697e900,0x00000000d6980000)
  to   space 1024K, 0% used [0x00000000d6780000,0x00000000d6780000,0x00000000d6880000)
 ParOldGen       total 157184K, used 156928K [0x0000000080000000, 0x0000000089980000, 0x00000000d5580000)
  object space 157184K, 99% used [0x0000000080000000,0x0000000089940350,0x0000000089980000)
 Metaspace       used 66046K, committed 67520K, reserved 1114112K
  class space    used 7102K, committed 7680K, reserved 1048576K
}

